mode: set
github.com/herooftimeandspace/go-employee-provisioner/cmd/provisioner/main.go:20.48,26.2 1 0
github.com/herooftimeandspace/go-employee-provisioner/cmd/provisioner/main.go:41.38,43.2 1 0
github.com/herooftimeandspace/go-employee-provisioner/cmd/provisioner/main.go:45.13,47.2 1 1
github.com/herooftimeandspace/go-employee-provisioner/cmd/provisioner/main.go:49.17,50.50 1 0
github.com/herooftimeandspace/go-employee-provisioner/cmd/provisioner/main.go:50.50,52.3 1 0
github.com/herooftimeandspace/go-employee-provisioner/cmd/provisioner/main.go:55.41,57.16 2 1
github.com/herooftimeandspace/go-employee-provisioner/cmd/provisioner/main.go:57.16,59.3 1 1
github.com/herooftimeandspace/go-employee-provisioner/cmd/provisioner/main.go:61.2,66.12 4 1
github.com/herooftimeandspace/go-employee-provisioner/cmd/provisioner/main.go:66.12,71.54 4 1
github.com/herooftimeandspace/go-employee-provisioner/cmd/provisioner/main.go:71.54,73.4 1 0
github.com/herooftimeandspace/go-employee-provisioner/cmd/provisioner/main.go:76.2,77.89 2 1
github.com/herooftimeandspace/go-employee-provisioner/cmd/provisioner/main.go:77.89,79.3 1 1
github.com/herooftimeandspace/go-employee-provisioner/cmd/provisioner/main.go:80.2,80.12 1 1
