mode: set
github.com/herooftimeandspace/go-employee-provisioner/internal/config/config.go:15.29,22.2 1 1
github.com/herooftimeandspace/go-employee-provisioner/internal/config/config.go:24.42,25.42 1 1
github.com/herooftimeandspace/go-employee-provisioner/internal/config/config.go:25.42,27.3 1 1
github.com/herooftimeandspace/go-employee-provisioner/internal/config/config.go:28.2,28.17 1 1
github.com/herooftimeandspace/go-employee-provisioner/internal/config/config.go:31.46,33.17 2 1
github.com/herooftimeandspace/go-employee-provisioner/internal/config/config.go:33.17,35.3 1 1
github.com/herooftimeandspace/go-employee-provisioner/internal/config/config.go:36.2,37.16 2 1
github.com/herooftimeandspace/go-employee-provisioner/internal/config/config.go:37.16,39.3 1 1
github.com/herooftimeandspace/go-employee-provisioner/internal/config/config.go:40.2,40.15 1 1
github.com/herooftimeandspace/go-employee-provisioner/internal/core/types.go:49.41,51.2 1 1
github.com/herooftimeandspace/go-employee-provisioner/internal/core/types.go:53.35,54.11 1 1
github.com/herooftimeandspace/go-employee-provisioner/internal/core/types.go:70.21,71.14 1 1
github.com/herooftimeandspace/go-employee-provisioner/internal/core/types.go:72.10,73.15 1 1
github.com/herooftimeandspace/go-employee-provisioner/internal/core/types.go:77.32,78.11 1 1
github.com/herooftimeandspace/go-employee-provisioner/internal/core/types.go:87.20,88.14 1 1
github.com/herooftimeandspace/go-employee-provisioner/internal/core/types.go:89.10,90.15 1 1
github.com/herooftimeandspace/go-employee-provisioner/internal/core/types.go:94.43,95.11 1 1
github.com/herooftimeandspace/go-employee-provisioner/internal/core/types.go:99.33,100.14 1 1
github.com/herooftimeandspace/go-employee-provisioner/internal/core/types.go:101.10,102.15 1 1
github.com/herooftimeandspace/go-employee-provisioner/internal/core/workflow.go:66.36,67.11 1 1
github.com/herooftimeandspace/go-employee-provisioner/internal/core/workflow.go:76.30,77.14 1 1
github.com/herooftimeandspace/go-employee-provisioner/internal/core/workflow.go:78.10,79.15 1 1
github.com/herooftimeandspace/go-employee-provisioner/internal/core/workflow.go:83.40,84.11 1 1
github.com/herooftimeandspace/go-employee-provisioner/internal/core/workflow.go:92.28,93.14 1 1
github.com/herooftimeandspace/go-employee-provisioner/internal/core/workflow.go:94.10,95.15 1 1
github.com/herooftimeandspace/go-employee-provisioner/internal/core/workflow.go:99.37,100.11 1 1
github.com/herooftimeandspace/go-employee-provisioner/internal/core/workflow.go:105.24,106.14 1 1
github.com/herooftimeandspace/go-employee-provisioner/internal/core/workflow.go:107.10,108.15 1 1
github.com/herooftimeandspace/go-employee-provisioner/internal/core/workflow.go:112.36,113.11 1 1
github.com/herooftimeandspace/go-employee-provisioner/internal/core/workflow.go:118.24,119.14 1 1
github.com/herooftimeandspace/go-employee-provisioner/internal/core/workflow.go:120.10,121.15 1 1
github.com/herooftimeandspace/go-employee-provisioner/cmd/provisioner/main.go:21.48,27.2 1 0
github.com/herooftimeandspace/go-employee-provisioner/cmd/provisioner/main.go:42.38,44.2 1 1
github.com/herooftimeandspace/go-employee-provisioner/cmd/provisioner/main.go:46.13,48.2 1 1
github.com/herooftimeandspace/go-employee-provisioner/cmd/provisioner/main.go:50.17,51.53 1 1
github.com/herooftimeandspace/go-employee-provisioner/cmd/provisioner/main.go:51.53,53.3 1 1
github.com/herooftimeandspace/go-employee-provisioner/cmd/provisioner/main.go:56.41,58.16 2 1
github.com/herooftimeandspace/go-employee-provisioner/cmd/provisioner/main.go:58.16,60.3 1 1
github.com/herooftimeandspace/go-employee-provisioner/cmd/provisioner/main.go:62.2,67.12 4 1
github.com/herooftimeandspace/go-employee-provisioner/cmd/provisioner/main.go:67.12,72.54 4 1
github.com/herooftimeandspace/go-employee-provisioner/cmd/provisioner/main.go:72.54,74.4 1 1
github.com/herooftimeandspace/go-employee-provisioner/cmd/provisioner/main.go:77.2,78.89 2 1
github.com/herooftimeandspace/go-employee-provisioner/cmd/provisioner/main.go:78.89,80.3 1 1
github.com/herooftimeandspace/go-employee-provisioner/cmd/provisioner/main.go:81.2,81.12 1 1
github.com/herooftimeandspace/go-employee-provisioner/internal/provider/contracts.go:67.39,68.18 1 1
github.com/herooftimeandspace/go-employee-provisioner/internal/provider/contracts.go:68.18,70.3 1 1
github.com/herooftimeandspace/go-employee-provisioner/internal/provider/contracts.go:71.2,71.22 1 1
github.com/herooftimeandspace/go-employee-provisioner/internal/provider/contracts.go:74.39,76.2 1 1
github.com/herooftimeandspace/go-employee-provisioner/internal/provider/contracts.go:78.42,80.34 2 1
github.com/herooftimeandspace/go-employee-provisioner/internal/provider/contracts.go:80.34,82.3 1 1
github.com/herooftimeandspace/go-employee-provisioner/internal/provider/contracts.go:83.2,83.24 1 1
github.com/herooftimeandspace/go-employee-provisioner/internal/provider/sheets.go:21.43,23.27 2 1
github.com/herooftimeandspace/go-employee-provisioner/internal/provider/sheets.go:23.27,26.3 2 1
github.com/herooftimeandspace/go-employee-provisioner/internal/provider/sheets.go:27.2,27.44 1 1
github.com/herooftimeandspace/go-employee-provisioner/internal/provider/sheets.go:30.78,37.2 1 1
github.com/herooftimeandspace/go-employee-provisioner/internal/provider/sheets.go:39.49,41.9 2 1
github.com/herooftimeandspace/go-employee-provisioner/internal/provider/sheets.go:41.9,43.3 1 1
github.com/herooftimeandspace/go-employee-provisioner/internal/provider/sheets.go:44.2,44.18 1 1
github.com/herooftimeandspace/go-employee-provisioner/internal/provider/sheets.go:47.52,49.16 2 1
github.com/herooftimeandspace/go-employee-provisioner/internal/provider/sheets.go:49.16,51.3 1 1
github.com/herooftimeandspace/go-employee-provisioner/internal/provider/sheets.go:52.2,52.91 1 1
github.com/herooftimeandspace/go-employee-provisioner/internal/db/retry.go:24.81,27.65 2 1
github.com/herooftimeandspace/go-employee-provisioner/internal/db/retry.go:27.65,29.17 2 1
github.com/herooftimeandspace/go-employee-provisioner/internal/db/retry.go:29.17,30.70 1 1
github.com/herooftimeandspace/go-employee-provisioner/internal/db/retry.go:30.70,33.13 3 1
github.com/herooftimeandspace/go-employee-provisioner/internal/db/retry.go:35.4,35.31 1 1
github.com/herooftimeandspace/go-employee-provisioner/internal/db/retry.go:35.31,37.10 2 1
github.com/herooftimeandspace/go-employee-provisioner/internal/db/retry.go:39.4,39.14 1 1
github.com/herooftimeandspace/go-employee-provisioner/internal/db/retry.go:42.3,43.17 2 1
github.com/herooftimeandspace/go-employee-provisioner/internal/db/retry.go:43.17,45.70 2 1
github.com/herooftimeandspace/go-employee-provisioner/internal/db/retry.go:45.70,48.13 3 1
github.com/herooftimeandspace/go-employee-provisioner/internal/db/retry.go:50.4,50.31 1 1
github.com/herooftimeandspace/go-employee-provisioner/internal/db/retry.go:50.31,52.10 2 1
github.com/herooftimeandspace/go-employee-provisioner/internal/db/retry.go:54.4,54.14 1 1
github.com/herooftimeandspace/go-employee-provisioner/internal/db/retry.go:57.3,58.17 2 1
github.com/herooftimeandspace/go-employee-provisioner/internal/db/retry.go:58.17,60.4 1 1
github.com/herooftimeandspace/go-employee-provisioner/internal/db/retry.go:61.3,61.69 1 1
github.com/herooftimeandspace/go-employee-provisioner/internal/db/retry.go:61.69,64.12 3 1
github.com/herooftimeandspace/go-employee-provisioner/internal/db/retry.go:66.3,66.30 1 1
github.com/herooftimeandspace/go-employee-provisioner/internal/db/retry.go:66.30,68.9 2 1
github.com/herooftimeandspace/go-employee-provisioner/internal/db/retry.go:70.3,70.13 1 1
github.com/herooftimeandspace/go-employee-provisioner/internal/db/retry.go:73.2,73.96 1 1
github.com/herooftimeandspace/go-employee-provisioner/internal/db/retry.go:76.41,78.31 2 1
github.com/herooftimeandspace/go-employee-provisioner/internal/db/retry.go:78.31,79.30 1 1
github.com/herooftimeandspace/go-employee-provisioner/internal/db/retry.go:80.25,81.15 1 1
github.com/herooftimeandspace/go-employee-provisioner/internal/db/retry.go:84.2,84.14 1 1
github.com/herooftimeandspace/go-employee-provisioner/internal/db/retry.go:87.59,89.17 2 1
github.com/herooftimeandspace/go-employee-provisioner/internal/db/retry.go:89.17,91.3 1 1
github.com/herooftimeandspace/go-employee-provisioner/internal/db/retry.go:91.8,93.3 1 1
github.com/herooftimeandspace/go-employee-provisioner/internal/db/retry.go:94.2,94.16 1 1
github.com/herooftimeandspace/go-employee-provisioner/internal/db/retry.go:94.16,96.3 1 1
github.com/herooftimeandspace/go-employee-provisioner/internal/db/retry.go:99.57,105.9 5 1
github.com/herooftimeandspace/go-employee-provisioner/internal/db/retry.go:106.20,106.20 0 1
github.com/herooftimeandspace/go-employee-provisioner/internal/db/retry.go:107.17,107.17 0 1
github.com/herooftimeandspace/go-employee-provisioner/internal/web/app.go:9.58,26.2 14 1
github.com/herooftimeandspace/go-employee-provisioner/internal/web/app.go:28.58,29.23 1 1
github.com/herooftimeandspace/go-employee-provisioner/internal/web/app.go:29.23,32.3 2 1
github.com/herooftimeandspace/go-employee-provisioner/internal/web/app.go:33.2,43.11 2 1
github.com/herooftimeandspace/go-employee-provisioner/internal/web/app.go:46.60,49.2 2 1
github.com/herooftimeandspace/go-employee-provisioner/internal/web/app.go:51.64,56.2 4 1
github.com/herooftimeandspace/go-employee-provisioner/internal/web/app.go:58.62,63.2 1 1
github.com/herooftimeandspace/go-employee-provisioner/internal/web/app.go:65.65,66.32 1 1
github.com/herooftimeandspace/go-employee-provisioner/internal/web/app.go:66.32,69.3 2 1
github.com/herooftimeandspace/go-employee-provisioner/internal/web/app.go:70.2,72.4 1 1
github.com/herooftimeandspace/go-employee-provisioner/internal/web/app.go:75.67,77.16 2 1
github.com/herooftimeandspace/go-employee-provisioner/internal/web/app.go:77.16,80.3 2 1
github.com/herooftimeandspace/go-employee-provisioner/internal/web/app.go:81.2,81.39 1 1
github.com/herooftimeandspace/go-employee-provisioner/internal/web/app.go:81.39,82.34 1 1
github.com/herooftimeandspace/go-employee-provisioner/internal/web/app.go:82.34,85.4 2 1
github.com/herooftimeandspace/go-employee-provisioner/internal/web/app.go:86.3,92.9 4 1
github.com/herooftimeandspace/go-employee-provisioner/internal/web/app.go:94.2,94.32 1 1
github.com/herooftimeandspace/go-employee-provisioner/internal/web/app.go:94.32,97.3 2 1
github.com/herooftimeandspace/go-employee-provisioner/internal/web/app.go:98.2,102.4 1 1
github.com/herooftimeandspace/go-employee-provisioner/internal/web/app.go:105.65,106.32 1 1
github.com/herooftimeandspace/go-employee-provisioner/internal/web/app.go:106.32,109.3 2 1
github.com/herooftimeandspace/go-employee-provisioner/internal/web/app.go:110.2,112.4 1 1
github.com/herooftimeandspace/go-employee-provisioner/internal/web/app.go:115.67,116.33 1 1
github.com/herooftimeandspace/go-employee-provisioner/internal/web/app.go:116.33,119.3 2 1
github.com/herooftimeandspace/go-employee-provisioner/internal/web/app.go:120.2,122.21 3 1
github.com/herooftimeandspace/go-employee-provisioner/internal/web/app.go:122.21,125.3 2 1
github.com/herooftimeandspace/go-employee-provisioner/internal/web/app.go:126.2,128.51 3 1
github.com/herooftimeandspace/go-employee-provisioner/internal/web/app.go:128.51,131.3 2 1
github.com/herooftimeandspace/go-employee-provisioner/internal/web/app.go:132.2,136.4 1 1
github.com/herooftimeandspace/go-employee-provisioner/internal/web/app.go:139.64,143.2 3 1
github.com/herooftimeandspace/go-employee-provisioner/internal/web/health.go:21.61,23.78 2 1
github.com/herooftimeandspace/go-employee-provisioner/internal/web/health.go:23.78,25.3 1 1
github.com/herooftimeandspace/go-employee-provisioner/internal/web/health.go:26.2,26.79 1 1
github.com/herooftimeandspace/go-employee-provisioner/internal/web/health.go:26.79,29.3 2 1
github.com/herooftimeandspace/go-employee-provisioner/internal/web/health.go:30.2,30.73 1 1
github.com/herooftimeandspace/go-employee-provisioner/internal/web/health.go:30.73,33.3 2 1
github.com/herooftimeandspace/go-employee-provisioner/internal/web/health.go:34.2,34.12 1 1
github.com/herooftimeandspace/go-employee-provisioner/internal/web/health.go:37.63,48.34 4 1
github.com/herooftimeandspace/go-employee-provisioner/internal/web/health.go:48.34,49.19 1 1
github.com/herooftimeandspace/go-employee-provisioner/internal/web/health.go:49.19,51.12 2 1
github.com/herooftimeandspace/go-employee-provisioner/internal/web/health.go:53.3,53.33 1 1
github.com/herooftimeandspace/go-employee-provisioner/internal/web/health.go:53.33,56.12 3 1
github.com/herooftimeandspace/go-employee-provisioner/internal/web/health.go:58.3,58.28 1 1
github.com/herooftimeandspace/go-employee-provisioner/internal/web/health.go:61.2,61.12 1 1
github.com/herooftimeandspace/go-employee-provisioner/internal/web/health.go:61.12,66.3 1 1
github.com/herooftimeandspace/go-employee-provisioner/internal/web/health.go:68.2,71.3 1 1
github.com/herooftimeandspace/go-employee-provisioner/internal/web/health.go:74.77,78.2 3 1
github.com/herooftimeandspace/go-employee-provisioner/internal/orchestrator/planner.go:46.56,53.28 2 1
github.com/herooftimeandspace/go-employee-provisioner/internal/orchestrator/planner.go:54.38,62.22 2 1
github.com/herooftimeandspace/go-employee-provisioner/internal/orchestrator/planner.go:62.22,67.4 1 1
github.com/herooftimeandspace/go-employee-provisioner/internal/orchestrator/planner.go:68.3,68.33 1 1
github.com/herooftimeandspace/go-employee-provisioner/internal/orchestrator/planner.go:69.47,75.33 2 1
github.com/herooftimeandspace/go-employee-provisioner/internal/orchestrator/planner.go:75.33,81.4 1 1
github.com/herooftimeandspace/go-employee-provisioner/internal/orchestrator/planner.go:82.43,89.5 1 1
github.com/herooftimeandspace/go-employee-provisioner/internal/orchestrator/planner.go:90.70,92.33 2 1
github.com/herooftimeandspace/go-employee-provisioner/internal/orchestrator/planner.go:92.33,97.4 1 1
github.com/herooftimeandspace/go-employee-provisioner/internal/orchestrator/planner.go:98.3,104.33 2 1
github.com/herooftimeandspace/go-employee-provisioner/internal/orchestrator/planner.go:105.37,109.5 1 1
github.com/herooftimeandspace/go-employee-provisioner/internal/orchestrator/planner.go:110.41,112.19 2 1
github.com/herooftimeandspace/go-employee-provisioner/internal/orchestrator/planner.go:112.19,114.4 1 0
github.com/herooftimeandspace/go-employee-provisioner/internal/orchestrator/planner.go:115.3,120.5 2 1
github.com/herooftimeandspace/go-employee-provisioner/internal/orchestrator/planner.go:121.70,124.5 1 1
github.com/herooftimeandspace/go-employee-provisioner/internal/orchestrator/planner.go:125.10,126.86 1 1
github.com/herooftimeandspace/go-employee-provisioner/internal/orchestrator/planner.go:129.2,129.20 1 1
github.com/herooftimeandspace/go-employee-provisioner/internal/orchestrator/planner.go:132.36,142.2 1 1
github.com/herooftimeandspace/go-employee-provisioner/internal/orchestrator/planner.go:144.56,147.29 3 1
github.com/herooftimeandspace/go-employee-provisioner/internal/orchestrator/planner.go:147.29,157.3 3 1
github.com/herooftimeandspace/go-employee-provisioner/internal/orchestrator/planner.go:158.2,158.13 1 1
