mode: set
github.com/herooftimeandspace/go-employee-provisioner/internal/db/retry.go:24.81,27.65 2 1
github.com/herooftimeandspace/go-employee-provisioner/internal/db/retry.go:27.65,29.17 2 1
github.com/herooftimeandspace/go-employee-provisioner/internal/db/retry.go:29.17,30.70 1 1
github.com/herooftimeandspace/go-employee-provisioner/internal/db/retry.go:30.70,33.13 3 1
github.com/herooftimeandspace/go-employee-provisioner/internal/db/retry.go:35.4,35.31 1 1
github.com/herooftimeandspace/go-employee-provisioner/internal/db/retry.go:35.31,37.10 2 1
github.com/herooftimeandspace/go-employee-provisioner/internal/db/retry.go:39.4,39.14 1 0
github.com/herooftimeandspace/go-employee-provisioner/internal/db/retry.go:42.3,43.17 2 1
github.com/herooftimeandspace/go-employee-provisioner/internal/db/retry.go:43.17,45.70 2 1
github.com/herooftimeandspace/go-employee-provisioner/internal/db/retry.go:45.70,48.13 3 1
github.com/herooftimeandspace/go-employee-provisioner/internal/db/retry.go:50.4,50.31 1 1
github.com/herooftimeandspace/go-employee-provisioner/internal/db/retry.go:50.31,52.10 2 0
github.com/herooftimeandspace/go-employee-provisioner/internal/db/retry.go:54.4,54.14 1 1
github.com/herooftimeandspace/go-employee-provisioner/internal/db/retry.go:57.3,58.17 2 1
github.com/herooftimeandspace/go-employee-provisioner/internal/db/retry.go:58.17,60.4 1 1
github.com/herooftimeandspace/go-employee-provisioner/internal/db/retry.go:61.3,61.69 1 1
github.com/herooftimeandspace/go-employee-provisioner/internal/db/retry.go:61.69,64.12 3 1
github.com/herooftimeandspace/go-employee-provisioner/internal/db/retry.go:66.3,66.30 1 0
github.com/herooftimeandspace/go-employee-provisioner/internal/db/retry.go:66.30,68.9 2 0
github.com/herooftimeandspace/go-employee-provisioner/internal/db/retry.go:70.3,70.13 1 0
github.com/herooftimeandspace/go-employee-provisioner/internal/db/retry.go:73.2,73.20 1 1
github.com/herooftimeandspace/go-employee-provisioner/internal/db/retry.go:73.20,75.3 1 0
github.com/herooftimeandspace/go-employee-provisioner/internal/db/retry.go:76.2,76.96 1 1
github.com/herooftimeandspace/go-employee-provisioner/internal/db/retry.go:79.41,81.31 2 1
github.com/herooftimeandspace/go-employee-provisioner/internal/db/retry.go:81.31,82.30 1 1
github.com/herooftimeandspace/go-employee-provisioner/internal/db/retry.go:83.25,84.15 1 1
github.com/herooftimeandspace/go-employee-provisioner/internal/db/retry.go:87.2,87.14 1 1
github.com/herooftimeandspace/go-employee-provisioner/internal/db/retry.go:90.59,92.17 2 1
github.com/herooftimeandspace/go-employee-provisioner/internal/db/retry.go:92.17,94.3 1 0
github.com/herooftimeandspace/go-employee-provisioner/internal/db/retry.go:94.8,96.3 1 1
github.com/herooftimeandspace/go-employee-provisioner/internal/db/retry.go:97.2,97.16 1 1
github.com/herooftimeandspace/go-employee-provisioner/internal/db/retry.go:97.16,99.3 1 1
github.com/herooftimeandspace/go-employee-provisioner/internal/db/retry.go:102.57,108.9 5 1
github.com/herooftimeandspace/go-employee-provisioner/internal/db/retry.go:109.20,109.20 0 1
github.com/herooftimeandspace/go-employee-provisioner/internal/db/retry.go:110.17,110.17 0 1
